06/03/2026 18:12:26 INICIANDO...        
06/03/2026 18:12:27 2.18.0.1 							
06/03/2026 18:12:27 Usuário: semacesso(Administrador) 	 			  
06/03/2026 18:12:28 Versăo do Sistema Operacional: 10.0.26200 					 	
06/03/2026 18:12:28 64 Bits: true 	  			 
06/03/2026 18:12:29   ( 0.7 ) 	   			
06/03/2026 18:12:30 UAC: Ativado	 	  	 	
06/03/2026 18:12:30 Verificando se Mozilla Firefox está instalado...	   		 	
06/03/2026 18:12:31 Mozilla Firefox năo instalado.
06/03/2026 18:12:31 [1: Ajustando ambiente] Verificando...
06/03/2026 18:12:33 [1: Ajustando ambiente] Corrigindo TLS.
06/03/2026 18:12:33 [1: Ajustando ambiente] Ok.
06/03/2026 18:12:34 [2: Ajustes iniciais] Verificando...
06/03/2026 18:12:34 [2: Ajustes iniciais] Ok.
06/03/2026 18:12:35 [3: Instalaçăo dos certificados raíz] Verificando...
06/03/2026 18:12:36 [3: Instalaçăo dos certificados raíz] Efetuando download do instalador...
06/03/2026 18:12:42 [3: Instalaçăo dos certificados raíz] Instalando...
06/03/2026 18:12:42 [3: Instalaçăo dos certificados raíz] Ok.
06/03/2026 18:12:43 [5: Ajustes adicionais] Verificando...
06/03/2026 18:12:44 [5: Ajustes adicionais] Limpando...
06/03/2026 18:12:45 [5: Ajustes adicionais] Ok.
06/03/2026 18:12:46 [7: Instalando módulo de segurança] Verificando...
06/03/2026 18:12:48 [7: Instalando módulo de segurança] Efetuando download do instalador...
06/03/2026 18:13:17 [7: Instalando módulo de segurança] Instalando...
06/03/2026 18:14:23 [7: Instalando módulo de segurança] Ok.
06/03/2026 18:14:23 [9: Finalizando a instalaçăo] Verificando...
06/03/2026 18:14:23 [9: Finalizando a instalaçăo] Ok.
06/03/2026 18:14:23 [10: Validando a instalaçăo] Verificando...
06/03/2026 18:15:51 [10: Validando a instalaçăo] Instalando...
06/03/2026 18:16:00 [10: Validando a instalaçăo] Ok.
06/03/2026 18:16:01 [12: Ajustando ambiente] Verificando...
06/03/2026 18:16:01 [12: Ajustando ambiente] Ok.
06/03/2026 18:16:01 [13: Ajustando ambiente] Verificando...
06/03/2026 18:16:01 [13: Ajustando ambiente] Ok.
06/03/2026 18:16:02 [14: Concluindo ajustes] Verificando...
06/08/2026 19:27:48 INICIANDO...
06/08/2026 19:27:49 2.18.0.1
06/08/2026 19:27:50 Usuário: semacesso(Administrador)
06/08/2026 19:27:51 Versăo do Sistema Operacional: 10.0.26200
06/08/2026 19:27:53 64 Bits: true
06/08/2026 19:27:54   ( 0.7 )
06/08/2026 19:27:54 UAC: Ativado
06/08/2026 19:27:55 Verificando se Mozilla Firefox está instalado...
06/08/2026 19:27:56 Mozilla Firefox năo instalado.
06/08/2026 19:27:57 [1: Ajustando ambiente] Verificando...
06/08/2026 19:27:57 [1: Ajustando ambiente] Corrigindo TLS.
06/08/2026 19:27:58 [1: Ajustando ambiente] Ok.
06/08/2026 19:28:00 [2: Ajustes iniciais] Verificando...
06/08/2026 19:28:00 [2: Ajustes iniciais] Ok.
06/08/2026 19:28:01 [3: Instalaçăo dos certificados raíz] Verificando...
06/08/2026 19:28:02 [3: Instalaçăo dos certificados raíz] Efetuando download do instalador...
06/08/2026 19:28:06 [3: Instalaçăo dos certificados raíz] Instalando...
06/08/2026 19:28:08 [3: Instalaçăo dos certificados raíz] Ok.
06/08/2026 19:28:09 [5: Ajustes adicionais] Verificando...
06/08/2026 19:28:12 [5: Ajustes adicionais] Limpando...
06/08/2026 19:28:13 [5: Ajustes adicionais] Ok.
06/08/2026 19:28:15 [7: Instalando módulo de segurança] Verificando...
06/08/2026 19:30:20 [14: Concluindo ajustes] CONCLUÍDO.
06/09/2026 16:36:58 INICIANDO...
06/09/2026 16:37:07 2.18.0.1
06/09/2026 16:37:40 Usuário: semacesso(Administrador)
06/09/2026 16:38:03 Versăo do Sistema Operacional: 10.0.26200
06/09/2026 16:38:23 64 Bits: true
06/09/2026 16:38:45   ( 0.7 )
06/09/2026 16:39:08 UAC: Ativado
06/09/2026 16:39:21 Verificando se Mozilla Firefox está instalado...
06/09/2026 16:39:48 Mozilla Firefox năo instalado.
06/09/2026 16:40:00 [1: Ajustando ambiente] Verificando...
06/09/2026 16:40:19 [1: Ajustando ambiente] Corrigindo TLS.
06/09/2026 16:40:33 [1: Ajustando ambiente] Ok.
06/09/2026 16:40:40 [2: Ajustes iniciais] Verificando...
06/09/2026 16:40:42 [2: Ajustes iniciais] Ok.
06/09/2026 16:40:44 [3: Instalaçăo dos certificados raíz] Verificando...
06/09/2026 16:40:45 [3: Instalaçăo dos certificados raíz] Efetuando download do instalador...
06/09/2026 16:40:49 [3: Instalaçăo dos certificados raíz] Ok.
06/09/2026 16:40:50 [5: Ajustes adicionais] Verificando...
06/09/2026 16:40:50 [5: Ajustes adicionais] Limpando...
06/09/2026 16:40:51 [5: Ajustes adicionais] Ok.
06/09/2026 16:40:52 [7: Instalando módulo de segurança] Verificando...
06/09/2026 16:40:56 [7: Instalando módulo de segurança] Efetuando download do instalador...
06/09/2026 16:42:01 [7: Instalando módulo de segurança] Instalando...
06/09/2026 16:42:28 [7: Instalando módulo de segurança] Ok.
06/09/2026 16:42:28 [9: Finalizando a instalaçăo] Verificando...
06/09/2026 16:42:28 [9: Finalizando a instalaçăo] Ok.
06/09/2026 16:42:28 [10: Validando a instalaçăo] Verificando...
06/09/2026 16:43:03 [10: Validando a instalaçăo] Instalando...
06/09/2026 16:43:09 [10: Validando a instalaçăo] Ok.
06/09/2026 16:43:09 [12: Ajustando ambiente] Verificando...
06/09/2026 16:43:09 [12: Ajustando ambiente] Ok.
06/09/2026 16:43:09 [13: Ajustando ambiente] Verificando...
06/09/2026 16:43:10 [13: Ajustando ambiente] Ok.
06/09/2026 16:43:10 [14: Concluindo ajustes] Verificando...
06/09/2026 16:43:13 [14: Concluindo ajustes] CONCLUÍDO.
06/09/2026 16:43:14 CONCLUÍDO.
06/09/2026 19:17:42 INICIANDO...
06/09/2026 19:17:42 2.18.0.1
06/09/2026 19:17:42 Usuário: semacesso(Administrador)
06/09/2026 19:17:42 Versăo do Sistema Operacional: 10.0.26200
06/09/2026 19:17:42 64 Bits: true
06/09/2026 19:17:42   ( 0.7 )
06/09/2026 19:17:42 UAC: Ativado
06/09/2026 19:17:42 Verificando se Mozilla Firefox está instalado...
06/09/2026 19:17:42 Mozilla Firefox năo instalado.
06/09/2026 19:17:42 [1: Ajustando ambiente] Verificando...
06/09/2026 19:17:42 [1: Ajustando ambiente] Corrigindo TLS.
06/09/2026 19:17:42 [1: Ajustando ambiente] Ok.
06/09/2026 19:17:43 [2: Ajustes iniciais] Verificando...
06/09/2026 19:17:43 [2: Ajustes iniciais] Ok.
06/09/2026 19:17:43 [3: Instalaçăo dos certificados raíz] Verificando...
06/09/2026 19:17:43 [3: Instalaçăo dos certificados raíz] Efetuando download do instalador...
06/09/2026 19:17:45 [3: Instalaçăo dos certificados raíz] Instalando...
06/09/2026 19:17:45 [3: Instalaçăo dos certificados raíz] Ok.
06/09/2026 19:17:45 [5: Ajustes adicionais] Verificando...
06/09/2026 19:17:45 [5: Ajustes adicionais] Limpando...
06/09/2026 19:17:45 [5: Ajustes adicionais] Ok.
06/09/2026 19:17:45 [7: Instalando módulo de segurança] Verificando...
06/09/2026 19:17:45 [7: Instalando módulo de segurança] Efetuando download do instalador...
06/09/2026 19:18:13 [7: Instalando módulo de segurança] Instalando...
06/09/2026 19:18:24 [7: Instalando módulo de segurança] Ok.
06/09/2026 19:18:24 [9: Finalizando a instalaçăo] Verificando...
06/09/2026 19:18:24 [9: Finalizando a instalaçăo] Ok.
06/09/2026 19:18:24 [10: Validando a instalaçăo] Verificando...
06/09/2026 19:18:45 [10: Validando a instalaçăo] Instalando...
06/09/2026 19:18:51 [10: Validando a instalaçăo] Ok.
06/09/2026 19:18:51 [12: Ajustando ambiente] Verificando...
06/09/2026 19:18:51 [12: Ajustando ambiente] Ok.
06/09/2026 19:18:52 [13: Ajustando ambiente] Verificando...
06/09/2026 19:18:52 [13: Ajustando ambiente] Ok.
06/09/2026 19:18:52 [14: Concluindo ajustes] Verificando...
06/09/2026 19:18:54 [14: Concluindo ajustes] CONCLUÍDO.
06/09/2026 19:18:54 CONCLUÍDO.
06/10/2026 14:09:12 INICIANDO...
06/10/2026 14:09:12 2.18.0.1
06/10/2026 14:09:13 Usuário: semacesso(Administrador)
06/10/2026 14:09:13 Versăo do Sistema Operacional: 10.0.26200
06/10/2026 14:09:13 64 Bits: true
06/10/2026 14:09:13   ( 0.7 )
06/10/2026 14:09:13 UAC: Ativado
06/10/2026 14:09:13 Verificando se Mozilla Firefox está instalado...
06/10/2026 14:09:13 Mozilla Firefox năo instalado.
06/10/2026 14:09:13 [1: Ajustando ambiente] Verificando...
06/10/2026 14:09:13 [1: Ajustando ambiente] Corrigindo TLS.
06/10/2026 14:09:13 [1: Ajustando ambiente] Ok.
06/10/2026 14:09:13 [2: Ajustes iniciais] Verificando...
06/10/2026 14:09:13 [2: Ajustes iniciais] Ok.
06/10/2026 14:09:13 [3: Instalaçăo dos certificados raíz] Verificando...
06/10/2026 14:09:13 [3: Instalaçăo dos certificados raíz] Efetuando download do instalador...
06/10/2026 14:09:15 [3: Instalaçăo dos certificados raíz] Instalando...
06/10/2026 14:09:15 [3: Instalaçăo dos certificados raíz] Ok.
06/10/2026 14:09:15 [5: Ajustes adicionais] Verificando...
06/10/2026 14:09:15 [5: Ajustes adicionais] Limpando...
06/10/2026 14:09:15 [5: Ajustes adicionais] Ok.
06/10/2026 14:09:15 [7: Instalando módulo de segurança] Verificando...
06/10/2026 14:09:15 [7: Instalando módulo de segurança] Efetuando download do instalador...
06/10/2026 14:09:57 [7: Instalando módulo de segurança] Instalando...
06/10/2026 14:10:08 [7: Instalando módulo de segurança] Ok.
06/10/2026 14:10:08 [9: Finalizando a instalaçăo] Verificando...
06/10/2026 14:10:08 [9: Finalizando a instalaçăo] Ok.
06/10/2026 14:10:08 [10: Validando a instalaçăo] Verificando...
06/10/2026 14:10:49 [10: Validando a instalaçăo] Instalando...
06/10/2026 14:10:58 [10: Validando a instalaçăo] Ok.
06/10/2026 14:10:58 [12: Ajustando ambiente] Verificando...
06/10/2026 14:10:58 [12: Ajustando ambiente] Ok.
06/10/2026 14:10:58 [13: Ajustando ambiente] Verificando...
06/18/2026 18:17:56 INICIANDO...
06/18/2026 18:17:56 2.18.0.1
06/18/2026 18:17:56 Usuário: semacesso(Administrador)
06/18/2026 18:17:56 Versăo do Sistema Operacional: 10.0.26200
06/18/2026 18:17:56 64 Bits: true
06/18/2026 18:17:57   ( 0.7 )
06/18/2026 18:17:57 UAC: Ativado
06/18/2026 18:17:57 Verificando se Mozilla Firefox está instalado...
06/18/2026 18:17:57 Mozilla Firefox năo instalado.
06/18/2026 18:17:57 [1: Ajustando ambiente] Verificando...
06/18/2026 18:17:58 [1: Ajustando ambiente] Corrigindo TLS.
06/18/2026 18:17:58 [1: Ajustando ambiente] Ok.
06/18/2026 18:17:58 [2: Ajustes iniciais] Verificando...
06/18/2026 18:17:58 [2: Ajustes iniciais] Ok.
06/18/2026 18:17:58 [3: Instalaçăo dos certificados raíz] Verificando...
06/18/2026 18:17:58 [3: Instalaçăo dos certificados raíz] Efetuando download do instalador...
06/18/2026 18:18:01 [3: Instalaçăo dos certificados raíz] Instalando...
06/18/2026 18:18:01 [3: Instalaçăo dos certificados raíz] Ok.
06/18/2026 18:18:01 [5: Ajustes adicionais] Verificando...
06/18/2026 18:18:01 [5: Ajustes adicionais] Limpando...
06/18/2026 18:18:01 [5: Ajustes adicionais] Ok.
06/18/2026 18:18:02 [7: Instalando módulo de segurança] Verificando...
06/18/2026 18:18:02 [7: Instalando módulo de segurança] Efetuando download do instalador...
06/18/2026 18:18:11 [7: Instalando módulo de segurança] Instalando...
06/18/2026 18:18:27 [7: Instalando módulo de segurança] Ok.
06/18/2026 18:18:27 [9: Finalizando a instalaçăo] Verificando...
06/18/2026 18:18:27 [9: Finalizando a instalaçăo] Ok.
06/18/2026 18:18:27 [10: Validando a instalaçăo] Verificando...
06/18/2026 18:19:25 [10: Validando a instalaçăo] Instalando...
06/18/2026 18:19:34 [10: Validando a instalaçăo] Ok.
06/18/2026 18:19:35 [12: Ajustando ambiente] Verificando...
06/23/2026 16:36:27 INICIANDO...
06/23/2026 16:36:28 2.18.0.1
06/23/2026 16:36:28 Usuário: semacesso(Administrador)
06/23/2026 16:36:28 Versăo do Sistema Operacional: 10.0.26200
06/23/2026 16:36:28 64 Bits: true
06/23/2026 16:36:28   ( 0.7 )
06/23/2026 16:36:28 UAC: Ativado
06/23/2026 16:36:28 Verificando se Mozilla Firefox está instalado...
06/23/2026 16:36:28 Mozilla Firefox năo instalado.
06/23/2026 16:36:28 [1: Ajustando ambiente] Verificando...
06/23/2026 16:36:28 [1: Ajustando ambiente] Corrigindo TLS.
06/23/2026 16:36:28 [1: Ajustando ambiente] Ok.
06/23/2026 16:36:28 [2: Ajustes iniciais] Verificando...
06/23/2026 16:36:28 [2: Ajustes iniciais] Ok.
06/23/2026 16:36:28 [3: Instalaçăo dos certificados raíz] Verificando...
06/23/2026 16:36:29 [3: Instalaçăo dos certificados raíz] Efetuando download do instalador...
06/23/2026 16:36:31 [3: Instalaçăo dos certificados raíz] Instalando...
06/23/2026 16:36:31 [3: Instalaçăo dos certificados raíz] Ok.
06/23/2026 16:36:31 [5: Ajustes adicionais] Verificando...
06/23/2026 16:36:31 [5: Ajustes adicionais] Limpando...
06/23/2026 16:36:31 [5: Ajustes adicionais] Ok.
06/23/2026 16:36:31 [7: Instalando módulo de segurança] Verificando...
06/23/2026 16:36:32 [7: Instalando módulo de segurança] Efetuando download do instalador...
06/23/2026 16:36:40 [7: Instalando módulo de segurança] Instalando...
06/23/2026 16:37:03 [7: Instalando módulo de segurança] Ok.
06/23/2026 16:37:04 [9: Finalizando a instalaçăo] Verificando...
06/23/2026 16:37:04 [9: Finalizando a instalaçăo] Ok.
06/23/2026 16:37:04 [10: Validando a instalaçăo] Verificando...
06/23/2026 16:37:29 [10: Validando a instalaçăo] Instalando...
06/23/2026 16:37:35 [10: Validando a instalaçăo] Ok.
06/23/2026 16:37:35 [12: Ajustando ambiente] Verificando...
06/23/2026 16:37:35 [12: Ajustando ambiente] Ok.
06/23/2026 16:37:35 [13: Ajustando ambiente] Verificando...
06/23/2026 16:37:35 [13: Ajustando ambiente] Ok.
06/23/2026 16:37:36 [14: Concluindo ajustes] Verificando...
06/23/2026 16:37:40 [14: Concluindo ajustes] CONCLUÍDO.
06/23/2026 16:37:40 CONCLUÍDO.
06/25/2026 14:45:43 INICIANDO...
06/25/2026 14:45:43 2.18.0.1
06/25/2026 14:45:43 Usuário: semacesso(Administrador)
06/25/2026 14:45:43 Versăo do Sistema Operacional: 10.0.26200
06/25/2026 14:45:44 64 Bits: true
06/25/2026 14:45:44   ( 0.7 )
06/25/2026 14:45:44 UAC: Ativado
06/25/2026 14:45:45 Verificando se Mozilla Firefox está instalado...
06/25/2026 14:45:45 Mozilla Firefox năo instalado.
06/25/2026 14:45:45 [1: Ajustando ambiente] Verificando...
06/25/2026 14:45:45 [1: Ajustando ambiente] Corrigindo TLS.
06/25/2026 14:45:46 [1: Ajustando ambiente] Ok.
06/25/2026 14:45:46 [2: Ajustes iniciais] Verificando...
06/25/2026 14:45:46 [2: Ajustes iniciais] Ok.
06/25/2026 14:45:46 [3: Instalaçăo dos certificados raíz] Verificando...
06/25/2026 14:45:46 [3: Instalaçăo dos certificados raíz] Efetuando download do instalador...
06/25/2026 14:45:49 [3: Instalaçăo dos certificados raíz] Instalando...
06/25/2026 14:45:49 [3: Instalaçăo dos certificados raíz] Ok.
06/25/2026 14:45:49 [5: Ajustes adicionais] Verificando...
06/25/2026 14:45:49 [5: Ajustes adicionais] Limpando...
06/25/2026 14:45:49 [5: Ajustes adicionais] Ok.
06/25/2026 14:45:50 [7: Instalando módulo de segurança] Verificando...
06/25/2026 14:45:50 [7: Instalando módulo de segurança] Efetuando download do instalador...
06/25/2026 14:45:58 [7: Instalando módulo de segurança] Instalando...
06/25/2026 14:46:26 [7: Instalando módulo de segurança] Ok.
06/25/2026 14:46:26 [9: Finalizando a instalaçăo] Verificando...
06/25/2026 14:46:26 [9: Finalizando a instalaçăo] Ok.
06/25/2026 14:46:26 [10: Validando a instalaçăo] Verificando...
06/25/2026 15:22:15 INICIANDO...
06/25/2026 15:22:16 2.18.0.1
06/25/2026 15:22:16 Usuário: semacesso(Administrador)
06/25/2026 15:22:16 Versăo do Sistema Operacional: 10.0.26200
06/25/2026 15:22:16 64 Bits: true
06/25/2026 15:22:16   ( 0.7 )
06/25/2026 15:22:16 UAC: Ativado
06/25/2026 15:22:16 Verificando se Mozilla Firefox está instalado...
06/25/2026 15:22:16 Mozilla Firefox năo instalado.
06/25/2026 15:22:17 [10: Validando a instalaçăo] Verificando...
06/25/2026 15:22:52 [10: Validando a instalaçăo] Instalando...
06/25/2026 15:23:01 [10: Validando a instalaçăo] Ok.
06/25/2026 15:23:01 [12: Ajustando ambiente] Verificando...
06/25/2026 15:23:02 [12: Ajustando ambiente] Ok.
06/25/2026 15:23:02 [13: Ajustando ambiente] Verificando...
06/25/2026 15:23:02 [13: Ajustando ambiente] Ok.
06/25/2026 15:23:02 [14: Concluindo ajustes] Verificando...
06/25/2026 15:23:09 [14: Concluindo ajustes] CONCLUÍDO.
06/25/2026 15:23:09 CONCLUÍDO.
07/01/2026 17:33:14 INICIANDO...
07/01/2026 17:33:14 2.18.0.1
07/01/2026 17:33:14 Usuário: semacesso(Administrador)
07/01/2026 17:33:14 Versăo do Sistema Operacional: 10.0.26200
07/01/2026 17:33:14 64 Bits: true
07/01/2026 17:33:14   ( 0.7 )
07/01/2026 17:33:14 UAC: Ativado
07/01/2026 17:33:15 Verificando se Mozilla Firefox está instalado...
07/01/2026 17:33:15 Mozilla Firefox năo instalado.
07/01/2026 17:33:15 [1: Ajustando ambiente] Verificando...
07/01/2026 17:33:15 [1: Ajustando ambiente] Corrigindo TLS.
07/01/2026 17:33:15 [1: Ajustando ambiente] Ok.
07/01/2026 17:33:15 [2: Ajustes iniciais] Verificando...
07/01/2026 17:33:15 [2: Ajustes iniciais] Ok.
07/01/2026 17:33:16 [3: Instalaçăo dos certificados raíz] Verificando...
07/01/2026 17:33:16 [3: Instalaçăo dos certificados raíz] Efetuando download do instalador...
07/01/2026 17:33:18 [3: Instalaçăo dos certificados raíz] Instalando...
07/01/2026 17:33:18 [3: Instalaçăo dos certificados raíz] Ok.
07/01/2026 17:33:19 [5: Ajustes adicionais] Verificando...
07/01/2026 17:33:19 [5: Ajustes adicionais] Limpando...
07/01/2026 17:33:19 [5: Ajustes adicionais] Ok.
07/01/2026 17:33:19 [7: Instalando módulo de segurança] Verificando...
07/01/2026 17:33:20 [7: Instalando módulo de segurança] Efetuando download do instalador...
07/01/2026 17:33:31 [7: Instalando módulo de segurança] Instalando...
07/01/2026 17:33:48 [7: Instalando módulo de segurança] Ok.
07/01/2026 17:33:48 [9: Finalizando a instalaçăo] Verificando...
07/01/2026 17:33:48 [9: Finalizando a instalaçăo] Ok.
07/01/2026 17:33:49 [10: Validando a instalaçăo] Verificando...
07/01/2026 17:34:16 [10: Validando a instalaçăo] Instalando...
07/01/2026 17:34:22 [10: Validando a instalaçăo] Ok.
07/01/2026 17:34:22 [12: Ajustando ambiente] Verificando...
07/01/2026 17:34:22 [12: Ajustando ambiente] Ok.
07/01/2026 17:34:22 [13: Ajustando ambiente] Verificando...
07/01/2026 17:34:23 [13: Ajustando ambiente] Ok.
07/01/2026 17:34:23 [14: Concluindo ajustes] Verificando...
07/01/2026 17:34:27 [14: Concluindo ajustes] CONCLUÍDO.
07/01/2026 17:34:27 CONCLUÍDO.
07/03/2026 16:01:18 INICIANDO...
07/03/2026 16:01:18 2.18.0.1
07/03/2026 16:01:18 Usuário: semacesso(Administrador)
07/03/2026 16:01:18 Versăo do Sistema Operacional: 10.0.26200
07/03/2026 16:01:18 64 Bits: true
07/03/2026 16:01:18   ( 0.7 )
07/03/2026 16:01:18 UAC: Ativado
07/03/2026 16:01:18 Verificando se Mozilla Firefox está instalado...
07/03/2026 16:01:18 Mozilla Firefox năo instalado.
07/03/2026 16:01:18 [1: Ajustando ambiente] Verificando...
07/03/2026 16:01:19 [1: Ajustando ambiente] Corrigindo TLS.
07/03/2026 16:01:19 [1: Ajustando ambiente] Ok.
07/03/2026 16:01:19 [2: Ajustes iniciais] Verificando...
07/03/2026 16:01:19 [2: Ajustes iniciais] Ok.
07/03/2026 16:01:19 [3: Instalaçăo dos certificados raíz] Verificando...
07/03/2026 16:01:19 [3: Instalaçăo dos certificados raíz] Efetuando download do instalador...
07/03/2026 16:01:21 [3: Instalaçăo dos certificados raíz] Instalando...
07/03/2026 16:01:21 [3: Instalaçăo dos certificados raíz] Ok.
07/03/2026 16:01:21 [5: Ajustes adicionais] Verificando...
07/03/2026 16:01:21 [5: Ajustes adicionais] Limpando...
07/03/2026 16:01:21 [5: Ajustes adicionais] Ok.
07/03/2026 16:01:21 [7: Instalando módulo de segurança] Verificando...
07/03/2026 16:01:21 [7: Instalando módulo de segurança] Efetuando download do instalador...
07/03/2026 16:01:27 [7: Instalando módulo de segurança] Instalando...
07/03/2026 16:01:38 [7: Instalando módulo de segurança] Ok.
07/03/2026 16:01:38 [9: Finalizando a instalaçăo] Verificando...
07/03/2026 16:01:38 [9: Finalizando a instalaçăo] Ok.
07/03/2026 16:01:38 [10: Validando a instalaçăo] Verificando...
07/03/2026 16:02:01 [10: Validando a instalaçăo] Instalando...
07/03/2026 16:02:07 [10: Validando a instalaçăo] Ok.
07/03/2026 16:02:07 [12: Ajustando ambiente] Verificando...
07/03/2026 16:02:07 [12: Ajustando ambiente] Ok.
07/03/2026 16:02:08 [13: Ajustando ambiente] Verificando...
07/03/2026 16:02:08 [13: Ajustando ambiente] Ok.
07/03/2026 16:02:08 [14: Concluindo ajustes] Verificando...
07/03/2026 16:02:10 [14: Concluindo ajustes] CONCLUÍDO.
07/03/2026 16:02:10 CONCLUÍDO.
07/03/2026 17:31:14 INICIANDO...
07/03/2026 17:31:14 2.18.0.1
07/03/2026 17:31:14 Usuário: semacesso(Administrador)
07/03/2026 17:31:14 Versăo do Sistema Operacional: 10.0.26200
07/03/2026 17:31:14 64 Bits: true
07/03/2026 17:31:14   ( 0.7 )
07/03/2026 17:31:14 UAC: Ativado
07/03/2026 17:31:14 Verificando se Mozilla Firefox está instalado...
07/03/2026 17:31:14 Mozilla Firefox năo instalado.
07/03/2026 17:31:14 [1: Ajustando ambiente] Verificando...
07/03/2026 17:31:14 [1: Ajustando ambiente] Corrigindo TLS.
07/03/2026 17:31:14 [1: Ajustando ambiente] Ok.
07/03/2026 17:31:14 [2: Ajustes iniciais] Verificando...
07/03/2026 17:31:14 [2: Ajustes iniciais] Ok.
07/03/2026 17:31:14 [3: Instalaçăo dos certificados raíz] Verificando...
07/03/2026 17:31:14 [3: Instalaçăo dos certificados raíz] Efetuando download do instalador...
07/03/2026 17:31:16 [3: Instalaçăo dos certificados raíz] Instalando...
07/03/2026 17:31:16 [3: Instalaçăo dos certificados raíz] Ok.
07/03/2026 17:31:16 [5: Ajustes adicionais] Verificando...
07/03/2026 17:31:16 [5: Ajustes adicionais] Limpando...
07/03/2026 17:31:16 [5: Ajustes adicionais] Ok.
07/03/2026 17:31:16 [7: Instalando módulo de segurança] Verificando...
07/03/2026 17:31:16 [7: Instalando módulo de segurança] Efetuando download do instalador...
07/03/2026 17:31:25 [7: Instalando módulo de segurança] Instalando...
07/03/2026 17:32:00 [7: Instalando módulo de segurança] Ok.
07/03/2026 17:32:03 [9: Finalizando a instalaçăo] Verificando...
07/03/2026 17:32:22 [Erro interno detectado.] Erro interno detectado.
07/03/2026 17:32:22 [14: Concluindo ajustes] Verificando...
07/03/2026 17:32:30 [14: Concluindo ajustes] CONCLUÍDO.
07/03/2026 17:32:34 CONCLUÍDO.
07/07/2026 16:07:33 INICIANDO...
07/07/2026 16:07:34 2.18.0.1
07/07/2026 16:07:35 Usuário: semacesso(Administrador)
07/07/2026 16:07:36 Versăo do Sistema Operacional: 10.0.19044
07/07/2026 16:07:40 64 Bits: true
07/07/2026 16:07:42   ( 0.7 )
07/07/2026 16:07:43 UAC: Ativado
07/07/2026 16:07:45 Verificando se Mozilla Firefox está instalado...
07/07/2026 16:07:46 Mozilla Firefox năo instalado.
07/07/2026 16:07:50 [1: Ajustando ambiente] Verificando...
07/07/2026 16:07:50 [1: Ajustando ambiente] Corrigindo TLS.
07/07/2026 16:07:53 [1: Ajustando ambiente] Ok.
07/07/2026 16:07:55 [2: Ajustes iniciais] Verificando...
07/07/2026 16:07:56 [2: Ajustes iniciais] Ok.
07/07/2026 16:07:58 [3: Instalaçăo dos certificados raíz] Verificando...
07/07/2026 16:08:00 [3: Instalaçăo dos certificados raíz] Efetuando download do instalador...
07/07/2026 16:08:12 [3: Instalaçăo dos certificados raíz] Instalando...
07/07/2026 16:08:13 [3: Instalaçăo dos certificados raíz] Ok.
07/07/2026 16:08:15 [5: Ajustes adicionais] Verificando...
07/07/2026 16:08:21 [5: Ajustes adicionais] Limpando...
07/07/2026 16:08:23 [5: Ajustes adicionais] Ok.
07/07/2026 16:08:24 [7: Instalando módulo de segurança] Verificando...
07/07/2026 16:08:31 [7: Instalando módulo de segurança] Efetuando download do instalador...
07/07/2026 16:08:58 [7: Instalando módulo de segurança] Instalando...
07/07/2026 16:09:12 [7: Instalando módulo de segurança] Ok.
07/07/2026 16:09:12 [9: Finalizando a instalaçăo] Verificando...
